<?xml version="1.0" encoding="UTF-8"?>
<!-- Generated by org.testng.reporters.JUnitXMLReporter -->
<testsuite ignored="0" hostname="QSpiders" failures="0" tests="3" name="Test" time="24.148" errors="0" timestamp="2026-04-11T12:48:48 IST">
  <testcase classname="TestNG_Basics.FaceBook" name="facebook" time="8.914"/>
  <testcase classname="TestNG_Basics.Whatsapp" name="whatsapp" time="8.404"/>
  <testcase classname="TestNG_Basics.Instagram" name="instagram" time="6.75"/>
</testsuite> <!-- Test -->
