<?xml version="1.0" encoding="UTF-8"?>
<testng-results ignored="0" total="3" passed="3" failed="0" skipped="0">
  <reporter-output>
  </reporter-output>
  <suite started-at="2026-04-12T09:53:45 IST" name="Suite" finished-at="2026-04-12T09:54:06 IST" duration-ms="21069">
    <groups>
    </groups>
    <test started-at="2026-04-12T09:53:45 IST" name="Test" finished-at="2026-04-12T09:53:59 IST" duration-ms="14615">
      <class name="TestNG_Basics.CrossBrowser">
        <test-method signature="cross(java.lang.String,java.lang.String,java.lang.String)[pri:0, instance:TestNG_Basics.CrossBrowser@6150c3ec]" started-at="2026-04-12T09:53:45 IST" name="cross" finished-at="2026-04-12T09:53:59 IST" duration-ms="14513" status="PASS">
          <params>
            <param index="0">
              <value>
                <![CDATA[chrome]]>
              </value>
            </param>
            <param index="1">
              <value>
                <![CDATA[seleniumqspmas@gmail.com]]>
              </value>
            </param>
            <param index="2">
              <value>
                <![CDATA[Qsp@1234]]>
              </value>
            </param>
          </params>
          <reporter-output>
          </reporter-output>
        </test-method> <!-- cross -->
      </class> <!-- TestNG_Basics.CrossBrowser -->
    </test> <!-- Test -->
    <test started-at="2026-04-12T09:53:45 IST" name="Test1" finished-at="2026-04-12T09:54:00 IST" duration-ms="15236">
      <class name="TestNG_Basics.CrossBrowser">
        <test-method signature="cross(java.lang.String,java.lang.String,java.lang.String)[pri:0, instance:TestNG_Basics.CrossBrowser@6913c1fb]" started-at="2026-04-12T09:53:45 IST" name="cross" finished-at="2026-04-12T09:54:00 IST" duration-ms="15185" status="PASS">
          <params>
            <param index="0">
              <value>
                <![CDATA[edge]]>
              </value>
            </param>
            <param index="1">
              <value>
                <![CDATA[seleniumqspmas@gmail.com]]>
              </value>
            </param>
            <param index="2">
              <value>
                <![CDATA[Qsp@1234]]>
              </value>
            </param>
          </params>
          <reporter-output>
          </reporter-output>
        </test-method> <!-- cross -->
      </class> <!-- TestNG_Basics.CrossBrowser -->
    </test> <!-- Test1 -->
    <test started-at="2026-04-12T09:53:45 IST" name="Test2" finished-at="2026-04-12T09:54:06 IST" duration-ms="21069">
      <class name="TestNG_Basics.CrossBrowser">
        <test-method signature="cross(java.lang.String,java.lang.String,java.lang.String)[pri:0, instance:TestNG_Basics.CrossBrowser@bccb269]" started-at="2026-04-12T09:53:45 IST" name="cross" finished-at="2026-04-12T09:54:06 IST" duration-ms="21015" status="PASS">
          <params>
            <param index="0">
              <value>
                <![CDATA[firefox]]>
              </value>
            </param>
            <param index="1">
              <value>
                <![CDATA[seleniumqspmas@gmail.com]]>
              </value>
            </param>
            <param index="2">
              <value>
                <![CDATA[Qsp@1234]]>
              </value>
            </param>
          </params>
          <reporter-output>
          </reporter-output>
        </test-method> <!-- cross -->
      </class> <!-- TestNG_Basics.CrossBrowser -->
    </test> <!-- Test2 -->
  </suite> <!-- Suite -->
</testng-results>
