<?xml version="1.0" encoding="UTF-8"?>
<testng-results ignored="1" total="2" passed="1" failed="0" skipped="0">
  <reporter-output>
  </reporter-output>
  <suite started-at="2026-04-12T10:36:46 IST" name="Suite" finished-at="2026-04-12T10:36:52 IST" duration-ms="6907">
    <groups>
      <group name="system">
        <method signature="Groups.delete()[pri:0, instance:TestNG_Basics.Groups@dd05255]" name="delete" class="TestNG_Basics.Groups"/>
      </group> <!-- system -->
    </groups>
    <test started-at="2026-04-12T10:36:46 IST" name="Test" finished-at="2026-04-12T10:36:52 IST" duration-ms="6907">
      <class name="TestNG_Basics.Groups">
        <test-method signature="delete()[pri:0, instance:TestNG_Basics.Groups@dd05255]" started-at="2026-04-12T10:36:46 IST" name="delete" finished-at="2026-04-12T10:36:52 IST" duration-ms="6862" status="PASS">
          <reporter-output>
          </reporter-output>
        </test-method> <!-- delete -->
      </class> <!-- TestNG_Basics.Groups -->
    </test> <!-- Test -->
  </suite> <!-- Suite -->
</testng-results>
