<?xml version="1.0" encoding="UTF-8"?>
<!-- Generated by org.testng.reporters.JUnitReportReporter -->
<testsuite hostname="QSpiders" failures="0" tests="5" name="TestNG_Basics.Parallel" time="130.024" errors="0" timestamp="2026-04-12T09:25:00 IST" skipped="0">
  <testcase classname="TestNG_Basics.Parallel" name="test1" time="26.016"/>
  <testcase classname="TestNG_Basics.Parallel" name="test1" time="26.023"/>
  <testcase classname="TestNG_Basics.Parallel" name="test1" time="25.936"/>
  <testcase classname="TestNG_Basics.Parallel" name="test1" time="26.007"/>
  <testcase classname="TestNG_Basics.Parallel" name="test1" time="26.042"/>
</testsuite> <!-- TestNG_Basics.Parallel -->
