<?xml version="1.0" encoding="UTF-8"?>
<!-- Generated by org.testng.reporters.JUnitReportReporter -->
<testsuite hostname="QSpiders" failures="0" tests="1" name="TestNG_Basics.Report" time="0.023" errors="0" timestamp="2026-04-11T12:41:31 IST" skipped="0">
  <testcase classname="TestNG_Basics.Report" name="reportGeneration" time="0.023">
    <system-out>
      <![CDATA[Hello
Hi]]>
    </system-out>
  </testcase> <!-- reportGeneration -->
  <system-out>
    <![CDATA[Hello
Hi]]>
  </system-out>
</testsuite> <!-- TestNG_Basics.Report -->
