<?xml version="1.0" encoding="UTF-8"?>
<!-- Generated by org.testng.reporters.JUnitReportReporter -->
<testsuite hostname="QSpiders" failures="0" tests="3" name="TestNG_Basics.CrossBrowser" time="50.713" errors="0" timestamp="2026-04-12T09:54:06 IST" skipped="0">
  <testcase classname="TestNG_Basics.CrossBrowser" name="cross" time="21.015"/>
  <testcase classname="TestNG_Basics.CrossBrowser" name="cross" time="15.185"/>
  <testcase classname="TestNG_Basics.CrossBrowser" name="cross" time="14.513"/>
</testsuite> <!-- TestNG_Basics.CrossBrowser -->
