<?xml version="1.0" encoding="UTF-8"?>
<!-- Generated by org.testng.reporters.JUnitReportReporter -->
<testsuite hostname="QSpiders" failures="0" tests="6" name="TestNG_Basics.Priority" time="24.221" errors="0" timestamp="2026-04-11T12:04:44 IST" skipped="0">
  <testcase classname="TestNG_Basics.Priority" name="login" time="2.812"/>
  <testcase classname="TestNG_Basics.Priority" name="login" time="3.905"/>
  <testcase classname="TestNG_Basics.Priority" name="login" time="3.802"/>
  <testcase classname="TestNG_Basics.Priority" name="login" time="4.542"/>
  <testcase classname="TestNG_Basics.Priority" name="login" time="2.594"/>
  <testcase classname="TestNG_Basics.Priority" name="delete" time="6.566"/>
</testsuite> <!-- TestNG_Basics.Priority -->
